<?xml version="1.0" encoding="UTF-8"?>
<!-- Generated by org.testng.reporters.JUnitXMLReporter -->
<testsuite ignored="0" hostname="LAPTOP-CFK6Q786" failures="0" tests="1" name="Test2" time="0.013" errors="0" timestamp="2024-12-05T12:59:16 IST">
  <testcase classname="TestNG.CrossBrowsing" name="@BeforeTest OpenBrowser" time="-1.733383756751E9">
    <failure type="org.testng.TestNGException" message="
Parameter &amp;apos;Browser&amp;apos; is required by BeforeTest on method OpenBrowser but has not been marked @Optional or defined
in C:\Users\ASUS\eclipse-workspace\Selenium_October\CrossBrwsng.xml">
      <![CDATA[org.testng.TestNGException: 
Parameter 'Browser' is required by BeforeTest on method OpenBrowser but has not been marked @Optional or defined
in C:\Users\ASUS\eclipse-workspace\Selenium_October\CrossBrwsng.xml
... Removed 21 stack frames]]>
    </failure>
  </testcase> <!-- @BeforeTest OpenBrowser -->
  <testcase classname="TestNG.CrossBrowsing" name="Test1" time="0.0">
    <skipped/>
  </testcase> <!-- Test1 -->
</testsuite> <!-- Test2 -->
